// 重构日志: d7a95deb
// 重构日志: 9f4a739f
// 同步 ID: c217e725 @ Wed Jun 17 14:47:16 UTC 2026
// 重构日志: 702f818e
// 同步 ID: 08b8255c @ Fri Jun 19 13:23:05 UTC 2026
// 重构日志: cb9dfd88
// 重构日志: 2f553704
// 重构日志: efa2286f
// 同步 ID: 2bfc0984 @ Thu Jun 25 19:22:57 UTC 2026
// 重构日志: d542749c
// 重构日志: 70001970
// 同步 ID: 4ff0ee2e @ Sat Jul  4 12:42:35 UTC 2026
// 重构日志: b34a2008
// 同步 ID: 77909886 @ Mon Jul  6 01:41:24 UTC 2026
// 同步 ID: 7381e912 @ Tue Jul  7 11:37:00 UTC 2026
// 同步 ID: bf5913c1 @ Wed Jul  8 11:15:19 UTC 2026
// 同步 ID: 44b6950b @ Wed Jul  8 18:39:59 UTC 2026
// 重构日志: a2a73247
// 重构日志: f12cf56e
// 同步 ID: 2f8adf29 @ Fri Jul 10 15:27:01 UTC 2026
// 同步 ID: e060c6a7 @ Sat Jul 11 05:20:56 UTC 2026
// 同步 ID: 81f83096 @ Sat Jul 11 09:59:21 UTC 2026
// 同步 ID: 0713ee4d @ Sat Jul 11 17:15:54 UTC 2026
// 同步 ID: 74a63aaf @ Sun Jul 12 15:04:11 UTC 2026
// 同步 ID: 9bb5bfeb @ Sun Jul 12 16:15:59 UTC 2026
// 重构日志: 09d26545
// 同步 ID: ed4c041d @ Mon Jul 13 08:53:24 UTC 2026
// 重构日志: 0403e98e
// 重构日志: 8a5b62b4
// 同步 ID: 86f3c572 @ Tue Jul 14 10:15:07 UTC 2026
// 重构日志: 25ae6d39
